14-03-2024 12:04:04 {http-nio-8081-exec-3} INFO  k.s.u.a.UserIPAddressIdentifierAspect - User with IP address 0:0:0:0:0:0:0:1 called the method: StudentController.findAll(..)
14-03-2024 12:41:30 {http-nio-8081-exec-1} INFO  k.s.u.a.UserIPAddressIdentifierAspect - User with IP address 0:0:0:0:0:0:0:1 called the method: StudentController.findAll(..) 
14-03-2024 12:45:23 {http-nio-8081-exec-4} INFO  k.s.u.a.UserIPAddressIdentifierAspect - User with IP address 0:0:0:0:0:0:0:1 called the method: StudentController.findAll(..) 
14-03-2024 12:58:45 {http-nio-8081-exec-3} INFO  k.s.u.a.UserIPAddressIdentifierAspect - User with IP address 0:0:0:0:0:0:0:1 called the method: StudentController.findAll(..) 
14-03-2024 14:21:17 {http-nio-8081-exec-4} INFO  k.s.u.a.UserIPAddressIdentifierAspect - User with IP address 0:0:0:0:0:0:0:1 called the method: CourseController.create(..) 
14-03-2024 14:21:41 {http-nio-8081-exec-3} INFO  k.s.u.a.UserIPAddressIdentifierAspect - User with IP address 0:0:0:0:0:0:0:1 called the method: CourseController.findAll(..) 
14-03-2024 14:24:57 {http-nio-8081-exec-6} INFO  k.s.u.a.UserIPAddressIdentifierAspect - User with IP address 0:0:0:0:0:0:0:1 called the method: TeacherController.create(..) 
14-03-2024 14:25:06 {http-nio-8081-exec-7} INFO  k.s.u.a.UserIPAddressIdentifierAspect - User with IP address 0:0:0:0:0:0:0:1 called the method: TeacherController.create(..) 
14-03-2024 14:25:12 {http-nio-8081-exec-8} INFO  k.s.u.a.UserIPAddressIdentifierAspect - User with IP address 0:0:0:0:0:0:0:1 called the method: TeacherController.create(..) 
14-03-2024 14:25:25 {http-nio-8081-exec-9} INFO  k.s.u.a.UserIPAddressIdentifierAspect - User with IP address 0:0:0:0:0:0:0:1 called the method: TeacherController.create(..) 
14-03-2024 14:25:53 {http-nio-8081-exec-10} INFO  k.s.u.a.UserIPAddressIdentifierAspect - User with IP address 0:0:0:0:0:0:0:1 called the method: TeacherController.appointACourse(..) 
14-03-2024 14:25:59 {http-nio-8081-exec-1} INFO  k.s.u.a.UserIPAddressIdentifierAspect - User with IP address 0:0:0:0:0:0:0:1 called the method: TeacherController.appointACourse(..) 
14-03-2024 14:26:04 {http-nio-8081-exec-2} INFO  k.s.u.a.UserIPAddressIdentifierAspect - User with IP address 0:0:0:0:0:0:0:1 called the method: TeacherController.appointACourse(..) 
14-03-2024 15:48:16 {http-nio-8081-exec-3} INFO  k.s.u.a.UserIPAddressIdentifierAspect - User with IP address 0:0:0:0:0:0:0:1 called the method: TeacherController.update(..) 
14-03-2024 15:50:41 {http-nio-8081-exec-6} ERROR k.s.u.a.UserIPAddressIdentifierAspect - Exception occured for IP address: 0:0:0:0:0:0:0:1 with reason - Учитель с данным 0 не найден!
14-03-2024 15:50:41 {http-nio-8081-exec-6} INFO  k.s.u.a.UserIPAddressIdentifierAspect - User with IP address 0:0:0:0:0:0:0:1 called the method: TeacherController.update(..) 
14-03-2024 15:50:46 {http-nio-8081-exec-8} INFO  k.s.u.a.UserIPAddressIdentifierAspect - User with IP address 0:0:0:0:0:0:0:1 called the method: TeacherController.update(..) 
14-03-2024 15:51:21 {http-nio-8081-exec-10} INFO  k.s.u.a.UserIPAddressIdentifierAspect - User with IP address 0:0:0:0:0:0:0:1 called the method: StudentController.findAll(..) 
14-03-2024 15:52:12 {http-nio-8081-exec-2} INFO  k.s.u.a.UserIPAddressIdentifierAspect - User with IP address 0:0:0:0:0:0:0:1 called the method: StudentController.update(..) 
14-03-2024 16:37:34 {http-nio-8081-exec-1} INFO  k.s.u.a.UserIPAddressIdentifierAspect - User with IP address 0:0:0:0:0:0:0:1 called the method: TeacherController.update(..) 
14-03-2024 16:38:43 {http-nio-8081-exec-5} INFO  k.s.u.a.UserIPAddressIdentifierAspect - User with IP address 0:0:0:0:0:0:0:1 called the method: TeacherController.findAll(..) 
14-03-2024 16:39:44 {http-nio-8081-exec-7} INFO  k.s.u.a.UserIPAddressIdentifierAspect - User with IP address 0:0:0:0:0:0:0:1 called the method: TeacherController.findById(..) 
14-03-2024 16:41:16 {http-nio-8081-exec-2} INFO  k.s.u.a.UserIPAddressIdentifierAspect - User with IP address 0:0:0:0:0:0:0:1 called the method: TeacherController.findById(..) 
14-03-2024 16:46:49 {http-nio-8081-exec-2} INFO  k.s.u.a.UserIPAddressIdentifierAspect - User with IP address 0:0:0:0:0:0:0:1 called the method: TeacherController.findById(..) 
14-03-2024 16:48:30 {http-nio-8081-exec-2} INFO  k.s.u.a.UserIPAddressIdentifierAspect - User with IP address 0:0:0:0:0:0:0:1 called the method: TeacherController.findById(..) 
14-03-2024 16:50:35 {http-nio-8081-exec-1} INFO  k.s.u.a.UserIPAddressIdentifierAspect - User with IP address 0:0:0:0:0:0:0:1 called the method: TeacherController.findById(..) 
14-03-2024 16:55:04 {http-nio-8081-exec-6} INFO  k.s.u.a.UserIPAddressIdentifierAspect - User with IP address 0:0:0:0:0:0:0:1 called the method: TeacherController.findById(..) 
14-03-2024 16:58:25 {http-nio-8081-exec-1} INFO  k.s.u.a.UserIPAddressIdentifierAspect - User with IP address 0:0:0:0:0:0:0:1 called the method: TeacherController.findById(..) 
14-03-2024 17:03:12 {http-nio-8081-exec-3} INFO  k.s.u.a.UserIPAddressIdentifierAspect - User with IP address 0:0:0:0:0:0:0:1 called the method: TeacherController.findById(..) 
14-03-2024 17:13:32 {http-nio-8081-exec-2} INFO  k.s.u.a.UserIPAddressIdentifierAspect - User with IP address 0:0:0:0:0:0:0:1 called the method: TeacherController.findById(..) 
14-03-2024 17:14:01 {http-nio-8081-exec-3} INFO  k.s.u.a.UserIPAddressIdentifierAspect - User with IP address 0:0:0:0:0:0:0:1 called the method: CourseController.findAll(..) 
14-03-2024 17:18:19 {http-nio-8081-exec-2} INFO  k.s.u.a.UserIPAddressIdentifierAspect - User with IP address 0:0:0:0:0:0:0:1 called the method: CourseController.findAll(..) 
14-03-2024 17:18:29 {http-nio-8081-exec-3} INFO  k.s.u.a.UserIPAddressIdentifierAspect - User with IP address 0:0:0:0:0:0:0:1 called the method: TeacherController.findById(..) 
14-03-2024 17:24:27 {http-nio-8081-exec-4} ERROR k.s.u.a.UserIPAddressIdentifierAspect - Exception occured for IP address: 0:0:0:0:0:0:0:1 with reason - java.lang.StackOverflowError
14-03-2024 17:24:27 {http-nio-8081-exec-4} INFO  k.s.u.a.UserIPAddressIdentifierAspect - User with IP address 0:0:0:0:0:0:0:1 called the method: TeacherController.findById(..) 
14-03-2024 17:27:13 {http-nio-8081-exec-2} ERROR k.s.u.a.UserIPAddressIdentifierAspect - Exception occured for IP address: 0:0:0:0:0:0:0:1 with reason - null
14-03-2024 17:27:13 {http-nio-8081-exec-2} INFO  k.s.u.a.UserIPAddressIdentifierAspect - User with IP address 0:0:0:0:0:0:0:1 called the method: TeacherController.findById(..) 
14-03-2024 17:30:58 {http-nio-8081-exec-2} INFO  k.s.u.a.UserIPAddressIdentifierAspect - User with IP address 0:0:0:0:0:0:0:1 called the method: TeacherController.findById(..) 
14-03-2024 17:32:23 {http-nio-8081-exec-8} ERROR k.s.u.a.UserIPAddressIdentifierAspect - Exception occured for IP address: 0:0:0:0:0:0:0:1 with reason - null
14-03-2024 17:32:23 {http-nio-8081-exec-8} INFO  k.s.u.a.UserIPAddressIdentifierAspect - User with IP address 0:0:0:0:0:0:0:1 called the method: CourseController.findAll(..) 
14-03-2024 17:38:45 {http-nio-8081-exec-3} INFO  k.s.u.a.UserIPAddressIdentifierAspect - User with IP address 0:0:0:0:0:0:0:1 called the method: TeacherController.findById(..) 
14-03-2024 17:38:52 {http-nio-8081-exec-4} ERROR k.s.u.a.UserIPAddressIdentifierAspect - Exception occured for IP address: 0:0:0:0:0:0:0:1 with reason - null
14-03-2024 17:38:52 {http-nio-8081-exec-4} INFO  k.s.u.a.UserIPAddressIdentifierAspect - User with IP address 0:0:0:0:0:0:0:1 called the method: CourseController.findAll(..) 
14-03-2024 17:39:10 {http-nio-8081-exec-2} ERROR k.s.u.a.UserIPAddressIdentifierAspect - Exception occured for IP address: 0:0:0:0:0:0:0:1 with reason - null
14-03-2024 17:39:10 {http-nio-8081-exec-2} INFO  k.s.u.a.UserIPAddressIdentifierAspect - User with IP address 0:0:0:0:0:0:0:1 called the method: CourseController.findById(..) 
14-03-2024 17:41:43 {http-nio-8081-exec-1} INFO  k.s.u.a.UserIPAddressIdentifierAspect - User with IP address 0:0:0:0:0:0:0:1 called the method: CourseController.findById(..) 
14-03-2024 17:41:48 {http-nio-8081-exec-3} INFO  k.s.u.a.UserIPAddressIdentifierAspect - User with IP address 0:0:0:0:0:0:0:1 called the method: CourseController.findAll(..) 
15-03-2024 11:04:30 {http-nio-8081-exec-1} ERROR k.s.u.a.UserIPAddressIdentifierAspect - Exception occured for IP address: 0:0:0:0:0:0:0:1 with reason - null
15-03-2024 11:04:30 {http-nio-8081-exec-1} INFO  k.s.u.a.UserIPAddressIdentifierAspect - User with IP address 0:0:0:0:0:0:0:1 called the method: CourseController.findAll(..) 
15-03-2024 11:05:13 {http-nio-8081-exec-5} ERROR k.s.u.a.UserIPAddressIdentifierAspect - Exception occured for IP address: 0:0:0:0:0:0:0:1 with reason - null
15-03-2024 11:05:13 {http-nio-8081-exec-5} INFO  k.s.u.a.UserIPAddressIdentifierAspect - User with IP address 0:0:0:0:0:0:0:1 called the method: CourseController.findById(..) 
15-03-2024 11:05:23 {http-nio-8081-exec-6} INFO  k.s.u.a.UserIPAddressIdentifierAspect - User with IP address 0:0:0:0:0:0:0:1 called the method: TeacherController.findById(..) 
15-03-2024 11:06:50 {http-nio-8081-exec-1} ERROR k.s.u.a.UserIPAddressIdentifierAspect - Exception occured for IP address: 0:0:0:0:0:0:0:1 with reason - null
15-03-2024 11:06:50 {http-nio-8081-exec-1} INFO  k.s.u.a.UserIPAddressIdentifierAspect - User with IP address 0:0:0:0:0:0:0:1 called the method: CourseController.findById(..) 
15-03-2024 11:15:42 {http-nio-8081-exec-1} ERROR k.s.u.a.UserIPAddressIdentifierAspect - Exception occured for IP address: 0:0:0:0:0:0:0:1 with reason - null
15-03-2024 11:15:42 {http-nio-8081-exec-1} INFO  k.s.u.a.UserIPAddressIdentifierAspect - User with IP address 0:0:0:0:0:0:0:1 called the method: CourseController.findById(..) 
15-03-2024 11:16:47 {http-nio-8081-exec-1} ERROR k.s.u.a.UserIPAddressIdentifierAspect - Exception occured for IP address: 0:0:0:0:0:0:0:1 with reason - null
15-03-2024 11:16:47 {http-nio-8081-exec-1} INFO  k.s.u.a.UserIPAddressIdentifierAspect - User with IP address 0:0:0:0:0:0:0:1 called the method: CourseController.findById(..) 
15-03-2024 11:25:28 {http-nio-8081-exec-4} INFO  k.s.u.a.UserIPAddressIdentifierAspect - User with IP address 0:0:0:0:0:0:0:1 called the method: CourseController.findById(..) 
15-03-2024 11:25:42 {http-nio-8081-exec-2} INFO  k.s.u.a.UserIPAddressIdentifierAspect - User with IP address 0:0:0:0:0:0:0:1 called the method: CourseController.findAll(..) 
15-03-2024 11:27:42 {http-nio-8081-exec-6} INFO  k.s.u.a.UserIPAddressIdentifierAspect - User with IP address 0:0:0:0:0:0:0:1 called the method: TeacherController.findAll(..) 
15-03-2024 11:28:15 {http-nio-8081-exec-7} INFO  k.s.u.a.UserIPAddressIdentifierAspect - User with IP address 0:0:0:0:0:0:0:1 called the method: StudentController.findAll(..) 
15-03-2024 11:29:44 {http-nio-8081-exec-3} INFO  k.s.u.a.UserIPAddressIdentifierAspect - User with IP address 0:0:0:0:0:0:0:1 called the method: StudentController.findAll(..) 
15-03-2024 11:32:57 {http-nio-8081-exec-2} INFO  k.s.u.a.UserIPAddressIdentifierAspect - User with IP address 0:0:0:0:0:0:0:1 called the method: StudentController.findById(..) 
15-03-2024 16:05:52 {http-nio-8081-exec-1} INFO  k.s.u.a.UserIPAddressIdentifierAspect - User with IP address 0:0:0:0:0:0:0:1 called the method: CourseController.findAll(..) 
15-03-2024 16:35:12 {http-nio-8081-exec-1} INFO  k.s.u.a.UserIPAddressIdentifierAspect - User with IP address 0:0:0:0:0:0:0:1 called the method: CourseController.findAll(..) 
18-03-2024 10:44:43 {http-nio-8081-exec-3} ERROR k.s.u.a.UserIPAddressIdentifierAspect - Exception occured for IP address: 0:0:0:0:0:0:0:1 with reason - Нельзя создать студента, так как данного универа с ID: 0 не существует!
18-03-2024 10:44:43 {http-nio-8081-exec-3} INFO  k.s.u.a.UserIPAddressIdentifierAspect - User with IP address 0:0:0:0:0:0:0:1 called the method: StudentController.create(..) 
18-03-2024 10:44:55 {http-nio-8081-exec-7} INFO  k.s.u.a.UserIPAddressIdentifierAspect - User with IP address 0:0:0:0:0:0:0:1 called the method: StudentController.create(..) 
18-03-2024 10:48:21 {http-nio-8081-exec-10} INFO  k.s.u.a.UserIPAddressIdentifierAspect - User with IP address 0:0:0:0:0:0:0:1 called the method: CourseController.findAll(..) 
18-03-2024 10:49:06 {http-nio-8081-exec-1} INFO  k.s.u.a.UserIPAddressIdentifierAspect - User with IP address 0:0:0:0:0:0:0:1 called the method: CourseController.findById(..) 
18-03-2024 10:52:42 {http-nio-8081-exec-3} INFO  k.s.u.a.UserIPAddressIdentifierAspect - User with IP address 0:0:0:0:0:0:0:1 called the method: CourseController.findById(..) 
18-03-2024 10:52:50 {http-nio-8081-exec-6} INFO  k.s.u.a.UserIPAddressIdentifierAspect - User with IP address 0:0:0:0:0:0:0:1 called the method: CourseController.findById(..) 
18-03-2024 10:55:09 {http-nio-8081-exec-9} INFO  k.s.u.a.UserIPAddressIdentifierAspect - User with IP address 0:0:0:0:0:0:0:1 called the method: CourseController.findById(..) 
18-03-2024 10:55:27 {http-nio-8081-exec-10} ERROR k.s.u.a.UserIPAddressIdentifierAspect - Exception occured for IP address: 0:0:0:0:0:0:0:1 with reason - Курс по данному 0 не найден!
18-03-2024 10:55:27 {http-nio-8081-exec-10} INFO  k.s.u.a.UserIPAddressIdentifierAspect - User with IP address 0:0:0:0:0:0:0:1 called the method: CourseController.findById(..) 
18-03-2024 12:05:41 {http-nio-8081-exec-1} INFO  k.s.u.a.UserIPAddressIdentifierAspect - User with IP address 0:0:0:0:0:0:0:1 called the method: TeacherController.update(..) 
18-03-2024 12:09:08 {http-nio-8081-exec-2} INFO  k.s.u.a.UserIPAddressIdentifierAspect - User with IP address 0:0:0:0:0:0:0:1 called the method: TeacherController.update(..) 
18-03-2024 12:10:27 {http-nio-8081-exec-5} INFO  k.s.u.a.UserIPAddressIdentifierAspect - User with IP address 0:0:0:0:0:0:0:1 called the method: TeacherController.update(..) 
18-03-2024 12:28:52 {http-nio-8081-exec-1} INFO  k.s.u.a.UserIPAddressIdentifierAspect - User with IP address 0:0:0:0:0:0:0:1 called the method: CourseController.deleteAllTeachersOfTheCourse(..) 
18-03-2024 12:31:19 {http-nio-8081-exec-7} INFO  k.s.u.a.UserIPAddressIdentifierAspect - User with IP address 0:0:0:0:0:0:0:1 called the method: CourseController.deleteAllTeachersOfTheCourse(..) 
18-03-2024 12:31:49 {http-nio-8081-exec-8} INFO  k.s.u.a.UserIPAddressIdentifierAspect - User with IP address 0:0:0:0:0:0:0:1 called the method: CourseController.deleteAllTeachersOfTheCourse(..) 
18-03-2024 12:33:14 {http-nio-8081-exec-10} INFO  k.s.u.a.UserIPAddressIdentifierAspect - User with IP address 0:0:0:0:0:0:0:1 called the method: CourseController.delete(..) 
18-03-2024 12:33:31 {http-nio-8081-exec-9} INFO  k.s.u.a.UserIPAddressIdentifierAspect - User with IP address 0:0:0:0:0:0:0:1 called the method: CourseController.delete(..) 
18-03-2024 12:35:02 {http-nio-8081-exec-1} INFO  k.s.u.a.UserIPAddressIdentifierAspect - User with IP address 0:0:0:0:0:0:0:1 called the method: CourseController.delete(..) 
18-03-2024 12:38:54 {http-nio-8081-exec-1} INFO  k.s.u.a.UserIPAddressIdentifierAspect - User with IP address 0:0:0:0:0:0:0:1 called the method: CourseController.delete(..) 
18-03-2024 12:39:13 {http-nio-8081-exec-3} INFO  k.s.u.a.UserIPAddressIdentifierAspect - User with IP address 0:0:0:0:0:0:0:1 called the method: CourseController.delete(..) 
18-03-2024 12:39:42 {http-nio-8081-exec-6} INFO  k.s.u.a.UserIPAddressIdentifierAspect - User with IP address 0:0:0:0:0:0:0:1 called the method: CourseController.deleteAllTeachersOfTheCourse(..) 
18-03-2024 12:46:55 {http-nio-8081-exec-1} ERROR k.s.u.a.UserIPAddressIdentifierAspect - Exception occured for IP address: 0:0:0:0:0:0:0:1 with reason - null
18-03-2024 12:46:55 {http-nio-8081-exec-1} INFO  k.s.u.a.UserIPAddressIdentifierAspect - User with IP address 0:0:0:0:0:0:0:1 called the method: CourseController.deleteAllTeachersOfTheCourse(..) 
18-03-2024 13:00:43 {http-nio-8081-exec-1} INFO  k.s.u.a.UserIPAddressIdentifierAspect - User with IP address 0:0:0:0:0:0:0:1 called the method: CourseController.deleteAllTeachersOfTheCourse(..) 
18-03-2024 13:01:41 {http-nio-8081-exec-1} INFO  k.s.u.a.UserIPAddressIdentifierAspect - User with IP address 0:0:0:0:0:0:0:1 called the method: CourseController.deleteAllTeachersOfTheCourse(..) 
18-03-2024 13:02:14 {http-nio-8081-exec-3} INFO  k.s.u.a.UserIPAddressIdentifierAspect - User with IP address 0:0:0:0:0:0:0:1 called the method: CourseController.deleteAllTeachersOfTheCourse(..) 
18-03-2024 15:11:23 {http-nio-8081-exec-3} INFO  k.s.u.a.UserIPAddressIdentifierAspect - User with IP address 0:0:0:0:0:0:0:1 called the method: CourseController.deleteAllTeachersOfTheCourse(..) 
18-03-2024 15:47:20 {http-nio-8081-exec-2} INFO  k.s.u.a.UserIPAddressIdentifierAspect - User with IP address 0:0:0:0:0:0:0:1 called the method: CourseController.deleteAllTeachersOfTheCourse(..) 
18-03-2024 16:04:56 {http-nio-8081-exec-2} INFO  k.s.u.a.UserIPAddressIdentifierAspect - User with IP address 0:0:0:0:0:0:0:1 called the method: CourseController.deleteAllTeachersOfTheCourse(..) 
18-03-2024 16:07:37 {http-nio-8081-exec-1} INFO  k.s.u.a.UserIPAddressIdentifierAspect - User with IP address 0:0:0:0:0:0:0:1 called the method: CourseController.deleteAllTeachersOfTheCourse(..) 
18-03-2024 16:22:20 {http-nio-8081-exec-2} INFO  k.s.u.a.UserIPAddressIdentifierAspect - User with IP address 0:0:0:0:0:0:0:1 called the method: CourseController.deleteAllStudentsOfTheCourse(..) 
18-03-2024 16:31:38 {http-nio-8081-exec-3} INFO  k.s.u.a.UserIPAddressIdentifierAspect - User with IP address 0:0:0:0:0:0:0:1 called the method: CourseController.deleteAllTeachersOfTheCourse(..) 
18-03-2024 16:33:01 {http-nio-8081-exec-7} INFO  k.s.u.a.UserIPAddressIdentifierAspect - User with IP address 0:0:0:0:0:0:0:1 called the method: CourseController.findAll(..) 
18-03-2024 16:33:07 {http-nio-8081-exec-8} INFO  k.s.u.a.UserIPAddressIdentifierAspect - User with IP address 0:0:0:0:0:0:0:1 called the method: CourseController.findById(..) 
18-03-2024 16:33:29 {http-nio-8081-exec-9} INFO  k.s.u.a.UserIPAddressIdentifierAspect - User with IP address 0:0:0:0:0:0:0:1 called the method: CourseController.findById(..) 
18-03-2024 16:34:56 {http-nio-8081-exec-3} INFO  k.s.u.a.UserIPAddressIdentifierAspect - User with IP address 0:0:0:0:0:0:0:1 called the method: CourseController.findAll(..) 
18-03-2024 17:31:41 {http-nio-8081-exec-3} INFO  k.s.u.a.UserIPAddressIdentifierAspect - User with IP address 0:0:0:0:0:0:0:1 called the method: CourseController.findAll(..) 
20-03-2024 17:21:08 {http-nio-8081-exec-2} ERROR k.s.u.a.UserIPAddressIdentifierAspect - Exception occured for IP address: 0:0:0:0:0:0:0:1 with reason - Не получилось загрузить файл
20-03-2024 17:21:08 {http-nio-8081-exec-2} INFO  k.s.u.a.UserIPAddressIdentifierAspect - User with IP address 0:0:0:0:0:0:0:1 called the method: FileController.upload(..) 
20-03-2024 17:24:32 {http-nio-8081-exec-4} INFO  k.s.u.a.UserIPAddressIdentifierAspect - User with IP address 0:0:0:0:0:0:0:1 called the method: FileController.upload(..) 
20-03-2024 17:42:53 {http-nio-8081-exec-2} INFO  k.s.u.a.UserIPAddressIdentifierAspect - User with IP address 0:0:0:0:0:0:0:1 called the method: FileController.view(..) 
20-03-2024 18:01:44 {http-nio-8081-exec-2} INFO  k.s.u.a.UserIPAddressIdentifierAspect - User with IP address 0:0:0:0:0:0:0:1 called the method: FileController.upload(..) 
20-03-2024 18:20:11 {http-nio-8081-exec-5} INFO  k.s.u.a.UserIPAddressIdentifierAspect - User with IP address 0:0:0:0:0:0:0:1 called the method: FileController.findById(..) 
20-03-2024 18:20:28 {http-nio-8081-exec-8} INFO  k.s.u.a.UserIPAddressIdentifierAspect - User with IP address 0:0:0:0:0:0:0:1 called the method: FileController.findById(..) 
20-03-2024 18:27:07 {http-nio-8081-exec-1} INFO  k.s.u.a.UserIPAddressIdentifierAspect - User with IP address 0:0:0:0:0:0:0:1 called the method: FileController.findById(..) 
20-03-2024 18:28:38 {http-nio-8081-exec-2} INFO  k.s.u.a.UserIPAddressIdentifierAspect - User with IP address 0:0:0:0:0:0:0:1 called the method: FileController.findById(..) 
20-03-2024 18:29:35 {http-nio-8081-exec-1} INFO  k.s.u.a.UserIPAddressIdentifierAspect - User with IP address 0:0:0:0:0:0:0:1 called the method: FileController.findById(..) 
20-03-2024 18:30:02 {http-nio-8081-exec-1} INFO  k.s.u.a.UserIPAddressIdentifierAspect - User with IP address 0:0:0:0:0:0:0:1 called the method: FileController.findById(..) 
25-03-2024 16:50:59 {http-nio-8081-exec-1} ERROR k.s.u.a.UserIPAddressIdentifierAspect - Exception occured for IP address: 0:0:0:0:0:0:0:1 with reason - Не получилось загрузить файл
25-03-2024 16:50:59 {http-nio-8081-exec-1} INFO  k.s.u.a.UserIPAddressIdentifierAspect - User with IP address 0:0:0:0:0:0:0:1 called the method: FileController.upload(..) 
25-03-2024 16:52:06 {http-nio-8081-exec-4} ERROR k.s.u.a.UserIPAddressIdentifierAspect - Exception occured for IP address: 0:0:0:0:0:0:0:1 with reason - Не получилось загрузить файл
25-03-2024 16:52:06 {http-nio-8081-exec-4} INFO  k.s.u.a.UserIPAddressIdentifierAspect - User with IP address 0:0:0:0:0:0:0:1 called the method: FileController.upload(..) 
25-03-2024 22:10:57 {http-nio-8081-exec-2} ERROR k.s.u.a.UserIPAddressIdentifierAspect - Exception occured for IP address: 0:0:0:0:0:0:0:1 with reason - Не получилось загрузить файл
25-03-2024 22:10:57 {http-nio-8081-exec-2} INFO  k.s.u.a.UserIPAddressIdentifierAspect - User with IP address 0:0:0:0:0:0:0:1 called the method: FileController.upload(..) 
25-03-2024 22:18:37 {http-nio-8081-exec-2} INFO  k.s.u.a.UserIPAddressIdentifierAspect - User with IP address 0:0:0:0:0:0:0:1 called the method: FileController.upload(..) 
25-03-2024 22:26:41 {http-nio-8081-exec-5} ERROR k.s.u.a.UserIPAddressIdentifierAspect - Exception occured for IP address: 0:0:0:0:0:0:0:1 with reason - class java.lang.String cannot be cast to class java.lang.Long (java.lang.String and java.lang.Long are in module java.base of loader 'bootstrap')
25-03-2024 22:26:41 {http-nio-8081-exec-5} INFO  k.s.u.a.UserIPAddressIdentifierAspect - User with IP address 0:0:0:0:0:0:0:1 called the method: AssignmentController.create(..) 
25-03-2024 22:29:59 {http-nio-8081-exec-3} ERROR k.s.u.a.UserIPAddressIdentifierAspect - Exception occured for IP address: 0:0:0:0:0:0:0:1 with reason - not-null property references a null or transient value : kz.sagengaliyev.univerbackend.model.Assignment.teacherId
25-03-2024 22:29:59 {http-nio-8081-exec-3} INFO  k.s.u.a.UserIPAddressIdentifierAspect - User with IP address 0:0:0:0:0:0:0:1 called the method: AssignmentController.create(..) 
25-03-2024 22:32:27 {http-nio-8081-exec-2} ERROR k.s.u.a.UserIPAddressIdentifierAspect - Exception occured for IP address: 0:0:0:0:0:0:0:1 with reason - not-null property references a null or transient value : kz.sagengaliyev.univerbackend.model.Assignment.teacherId
25-03-2024 22:32:27 {http-nio-8081-exec-2} INFO  k.s.u.a.UserIPAddressIdentifierAspect - User with IP address 0:0:0:0:0:0:0:1 called the method: AssignmentController.create(..) 
26-03-2024 10:35:44 {http-nio-8081-exec-3} INFO  k.s.u.a.UserIPAddressIdentifierAspect - User with IP address 0:0:0:0:0:0:0:1 called the method: FileController.upload(..) 
26-03-2024 11:00:36 {http-nio-8081-exec-1} INFO  k.s.u.a.UserIPAddressIdentifierAspect - User with IP address 0:0:0:0:0:0:0:1 called the method: FileController.upload(..) 
26-03-2024 11:02:49 {http-nio-8081-exec-1} ERROR k.s.u.a.UserIPAddressIdentifierAspect - Exception occured for IP address: 0:0:0:0:0:0:0:1 with reason - Не получилось загрузить файл
26-03-2024 11:02:49 {http-nio-8081-exec-1} INFO  k.s.u.a.UserIPAddressIdentifierAspect - User with IP address 0:0:0:0:0:0:0:1 called the method: FileController.upload(..) 
26-03-2024 11:09:01 {http-nio-8081-exec-6} INFO  k.s.u.a.UserIPAddressIdentifierAspect - User with IP address 0:0:0:0:0:0:0:1 called the method: FileController.upload(..) 
26-03-2024 11:33:26 {http-nio-8081-exec-1} ERROR k.s.u.a.UserIPAddressIdentifierAspect - Exception occured for IP address: 0:0:0:0:0:0:0:1 with reason - Не получилось загрузить файл
26-03-2024 11:33:26 {http-nio-8081-exec-1} INFO  k.s.u.a.UserIPAddressIdentifierAspect - User with IP address 0:0:0:0:0:0:0:1 called the method: FileController.upload(..) 
26-03-2024 11:36:16 {http-nio-8081-exec-6} ERROR k.s.u.a.UserIPAddressIdentifierAspect - Exception occured for IP address: 0:0:0:0:0:0:0:1 with reason - Не получилось загрузить файл
26-03-2024 11:36:16 {http-nio-8081-exec-6} INFO  k.s.u.a.UserIPAddressIdentifierAspect - User with IP address 0:0:0:0:0:0:0:1 called the method: FileController.upload(..) 
26-03-2024 11:37:41 {http-nio-8081-exec-2} ERROR k.s.u.a.UserIPAddressIdentifierAspect - Exception occured for IP address: 0:0:0:0:0:0:0:1 with reason - Не получилось загрузить файл
26-03-2024 11:37:41 {http-nio-8081-exec-2} INFO  k.s.u.a.UserIPAddressIdentifierAspect - User with IP address 0:0:0:0:0:0:0:1 called the method: FileController.upload(..) 
26-03-2024 11:55:40 {http-nio-8081-exec-2} INFO  k.s.u.a.UserIPAddressIdentifierAspect - User with IP address 0:0:0:0:0:0:0:1 called the method: FileController.upload(..) 
26-03-2024 11:58:04 {http-nio-8081-exec-2} INFO  k.s.u.a.UserIPAddressIdentifierAspect - User with IP address 0:0:0:0:0:0:0:1 called the method: FileController.upload(..) 
26-03-2024 12:00:23 {http-nio-8081-exec-2} INFO  k.s.u.a.UserIPAddressIdentifierAspect - User with IP address 0:0:0:0:0:0:0:1 called the method: FileController.upload(..) 
26-03-2024 12:03:47 {http-nio-8081-exec-6} ERROR k.s.u.a.UserIPAddressIdentifierAspect - Exception occured for IP address: 0:0:0:0:0:0:0:1 with reason - No enum constant kz.sagengaliyev.univerbackend.enums.UserRole.,
26-03-2024 12:03:47 {http-nio-8081-exec-6} INFO  k.s.u.a.UserIPAddressIdentifierAspect - User with IP address 0:0:0:0:0:0:0:1 called the method: FileController.upload(..) 
26-03-2024 12:04:24 {http-nio-8081-exec-2} ERROR k.s.u.a.UserIPAddressIdentifierAspect - Exception occured for IP address: 0:0:0:0:0:0:0:1 with reason - No enum constant kz.sagengaliyev.univerbackend.enums.UserRole.[ROLE_ADMIN]
26-03-2024 12:04:24 {http-nio-8081-exec-2} INFO  k.s.u.a.UserIPAddressIdentifierAspect - User with IP address 0:0:0:0:0:0:0:1 called the method: FileController.upload(..) 
26-03-2024 12:06:06 {http-nio-8081-exec-4} ERROR k.s.u.a.UserIPAddressIdentifierAspect - Exception occured for IP address: 0:0:0:0:0:0:0:1 with reason - No enum constant kz.sagengaliyev.univerbackend.enums.UserRole.[ROLE_ADMIN]
26-03-2024 12:06:06 {http-nio-8081-exec-4} INFO  k.s.u.a.UserIPAddressIdentifierAspect - User with IP address 0:0:0:0:0:0:0:1 called the method: FileController.upload(..) 
26-03-2024 12:31:03 {http-nio-8081-exec-4} ERROR k.s.u.a.UserIPAddressIdentifierAspect - Exception occured for IP address: 0:0:0:0:0:0:0:1 with reason - No enum constant kz.sagengaliyev.univerbackend.enums.UserRole.[ROLE_ADMIN]
26-03-2024 12:31:03 {http-nio-8081-exec-4} INFO  k.s.u.a.UserIPAddressIdentifierAspect - User with IP address 0:0:0:0:0:0:0:1 called the method: FileController.upload(..) 
26-03-2024 12:34:42 {http-nio-8081-exec-5} ERROR k.s.u.a.UserIPAddressIdentifierAspect - Exception occured for IP address: 0:0:0:0:0:0:0:1 with reason - No enum constant kz.sagengaliyev.univerbackend.enums.UserRole.[ROLE_ADMIN]
26-03-2024 12:34:42 {http-nio-8081-exec-5} INFO  k.s.u.a.UserIPAddressIdentifierAspect - User with IP address 0:0:0:0:0:0:0:1 called the method: FileController.upload(..) 
26-03-2024 12:40:14 {http-nio-8081-exec-7} INFO  k.s.u.a.UserIPAddressIdentifierAspect - User with IP address 0:0:0:0:0:0:0:1 called the method: FileController.upload(..) 
26-03-2024 12:47:29 {http-nio-8081-exec-4} INFO  k.s.u.a.UserIPAddressIdentifierAspect - User with IP address 0:0:0:0:0:0:0:1 called the method: FileController.upload(..) 
26-03-2024 12:48:24 {http-nio-8081-exec-3} ERROR k.s.u.a.UserIPAddressIdentifierAspect - Exception occured for IP address: 0:0:0:0:0:0:0:1 with reason - Файл с ID: d3bf404e-9fcd-46bc-9b57-30d8759ad2c7 не найден!
26-03-2024 12:48:24 {http-nio-8081-exec-3} INFO  k.s.u.a.UserIPAddressIdentifierAspect - User with IP address 0:0:0:0:0:0:0:1 called the method: AssignmentController.create(..) 
26-03-2024 12:49:06 {http-nio-8081-exec-9} INFO  k.s.u.a.UserIPAddressIdentifierAspect - User with IP address 0:0:0:0:0:0:0:1 called the method: AssignmentController.create(..) 
26-03-2024 14:43:04 {http-nio-8081-exec-2} INFO  k.s.u.a.UserIPAddressIdentifierAspect - User with IP address 0:0:0:0:0:0:0:1 called the method: FileController.upload(..) 
26-03-2024 14:49:22 {http-nio-8081-exec-1} ERROR k.s.u.a.UserIPAddressIdentifierAspect - Exception occured for IP address: 0:0:0:0:0:0:0:1 with reason - Unable to access lob stream
26-03-2024 14:49:22 {http-nio-8081-exec-1} INFO  k.s.u.a.UserIPAddressIdentifierAspect - User with IP address 0:0:0:0:0:0:0:1 called the method: AssignmentController.update(..) 
26-03-2024 14:49:34 {http-nio-8081-exec-5} ERROR k.s.u.a.UserIPAddressIdentifierAspect - Exception occured for IP address: 0:0:0:0:0:0:0:1 with reason - Unable to access lob stream
26-03-2024 14:49:34 {http-nio-8081-exec-5} INFO  k.s.u.a.UserIPAddressIdentifierAspect - User with IP address 0:0:0:0:0:0:0:1 called the method: AssignmentController.update(..) 
26-03-2024 15:00:22 {http-nio-8081-exec-2} ERROR k.s.u.a.UserIPAddressIdentifierAspect - Exception occured for IP address: 0:0:0:0:0:0:0:1 with reason - Unable to access lob stream
26-03-2024 15:00:22 {http-nio-8081-exec-2} INFO  k.s.u.a.UserIPAddressIdentifierAspect - User with IP address 0:0:0:0:0:0:0:1 called the method: AssignmentController.update(..) 
26-03-2024 15:05:16 {http-nio-8081-exec-2} INFO  k.s.u.a.UserIPAddressIdentifierAspect - User with IP address 0:0:0:0:0:0:0:1 called the method: AssignmentController.update(..) 
26-03-2024 15:09:10 {http-nio-8081-exec-3} INFO  k.s.u.a.UserIPAddressIdentifierAspect - User with IP address 0:0:0:0:0:0:0:1 called the method: AssignmentController.update(..) 
26-03-2024 15:10:47 {http-nio-8081-exec-4} INFO  k.s.u.a.UserIPAddressIdentifierAspect - User with IP address 0:0:0:0:0:0:0:1 called the method: AssignmentController.update(..) 
26-03-2024 15:36:25 {http-nio-8081-exec-2} ERROR k.s.u.a.UserIPAddressIdentifierAspect - Exception occured for IP address: 0:0:0:0:0:0:0:1 with reason - null
26-03-2024 15:36:25 {http-nio-8081-exec-2} INFO  k.s.u.a.UserIPAddressIdentifierAspect - User with IP address 0:0:0:0:0:0:0:1 called the method: AssignmentController.update(..) 
26-03-2024 15:38:51 {http-nio-8081-exec-1} INFO  k.s.u.a.UserIPAddressIdentifierAspect - User with IP address 0:0:0:0:0:0:0:1 called the method: AssignmentController.update(..) 
26-03-2024 15:42:36 {http-nio-8081-exec-3} INFO  k.s.u.a.UserIPAddressIdentifierAspect - User with IP address 0:0:0:0:0:0:0:1 called the method: AssignmentController.update(..) 
26-03-2024 15:58:35 {http-nio-8081-exec-5} INFO  k.s.u.a.UserIPAddressIdentifierAspect - User with IP address 0:0:0:0:0:0:0:1 called the method: FileController.upload(..) 
26-03-2024 16:03:26 {http-nio-8081-exec-2} INFO  k.s.u.a.UserIPAddressIdentifierAspect - User with IP address 0:0:0:0:0:0:0:1 called the method: FileController.upload(..) 
26-03-2024 16:25:35 {http-nio-8081-exec-5} INFO  k.s.u.a.UserIPAddressIdentifierAspect - User with IP address 0:0:0:0:0:0:0:1 called the method: FileController.upload(..) 
26-03-2024 16:31:27 {http-nio-8081-exec-1} INFO  k.s.u.a.UserIPAddressIdentifierAspect - User with IP address 0:0:0:0:0:0:0:1 called the method: FileController.upload(..) 
26-03-2024 16:32:31 {http-nio-8081-exec-4} INFO  k.s.u.a.UserIPAddressIdentifierAspect - User with IP address 0:0:0:0:0:0:0:1 called the method: FileController.upload(..) 
26-03-2024 16:35:06 {http-nio-8081-exec-3} INFO  k.s.u.a.UserIPAddressIdentifierAspect - User with IP address 0:0:0:0:0:0:0:1 called the method: FileController.upload(..) 
26-03-2024 16:41:25 {http-nio-8081-exec-4} INFO  k.s.u.a.UserIPAddressIdentifierAspect - User with IP address 0:0:0:0:0:0:0:1 called the method: FileController.upload(..) 
26-03-2024 16:46:19 {http-nio-8081-exec-3} INFO  k.s.u.a.UserIPAddressIdentifierAspect - User with IP address 0:0:0:0:0:0:0:1 called the method: FileController.upload(..) 
26-03-2024 17:33:01 {http-nio-8081-exec-4} INFO  k.s.u.a.UserIPAddressIdentifierAspect - User with IP address 0:0:0:0:0:0:0:1 called the method: FileController.upload(..) 
26-03-2024 17:37:11 {http-nio-8081-exec-5} INFO  k.s.u.a.UserIPAddressIdentifierAspect - User with IP address 0:0:0:0:0:0:0:1 called the method: FileController.download(..) 
26-03-2024 17:37:18 {http-nio-8081-exec-6} INFO  k.s.u.a.UserIPAddressIdentifierAspect - User with IP address 0:0:0:0:0:0:0:1 called the method: FileController.view(..) 
26-03-2024 17:37:38 {http-nio-8081-exec-7} INFO  k.s.u.a.UserIPAddressIdentifierAspect - User with IP address 0:0:0:0:0:0:0:1 called the method: FileController.view(..) 
26-03-2024 17:37:44 {http-nio-8081-exec-8} INFO  k.s.u.a.UserIPAddressIdentifierAspect - User with IP address 0:0:0:0:0:0:0:1 called the method: FileController.download(..) 
26-03-2024 18:13:42 {http-nio-8081-exec-1} INFO  k.s.u.a.UserIPAddressIdentifierAspect - User with IP address 0:0:0:0:0:0:0:1 called the method: FileController.upload(..) 
